<?xml version="1.0" encoding="UTF-8"?>
<robot generator="Robot 7.2 (Python 3.13.1 on win32)" generated="2025-02-04T18:30:36.108044" rpa="false" schemaversion="5">
<suite id="s1" name="Start" source="C:\NoesisRF\NoesisRF\start.robot">
<test id="s1-t1" name="Aceder a um site" line="18">
<kw name="Open Browser" owner="SeleniumLibrary">
<msg time="2025-02-04T18:30:37.162338" level="INFO">Opening browser 'chrome' to base url 'https://opensource-demo.orangehrmlive.com/web/index.php/auth/login'.</msg>
<arg>https://opensource-demo.orangehrmlive.com/web/index.php/auth/login</arg>
<arg>chrome</arg>
<arg>options=add_argument("--start-maximized")</arg>
<doc>Opens a new browser instance to the optional ``url``.</doc>
<status status="PASS" start="2025-02-04T18:30:37.162128" elapsed="9.276858"/>
</kw>
<kw name="Wait Until Element Is Enabled" owner="SeleniumLibrary">
<arg>xpath://input[@name="username"]</arg>
<arg>20</arg>
<doc>Waits until the element ``locator`` is enabled.</doc>
<status status="PASS" start="2025-02-04T18:30:46.439476" elapsed="0.483514"/>
</kw>
<kw name="Input Text" owner="SeleniumLibrary">
<msg time="2025-02-04T18:30:46.923478" level="INFO">Typing text 'Admin' into text field 'xpath://input[@name="username"]'.</msg>
<arg>xpath://input[@name="username"]</arg>
<arg>Admin</arg>
<doc>Types the given ``text`` into the text field identified by ``locator``.</doc>
<status status="PASS" start="2025-02-04T18:30:46.923298" elapsed="0.110521"/>
</kw>
<kw name="Input Text" owner="SeleniumLibrary">
<msg time="2025-02-04T18:30:47.034326" level="INFO">Typing text 'admin123' into text field 'xpath://input[@placeholder="Password"]'.</msg>
<arg>xpath://input[@placeholder="Password"]</arg>
<arg>admin123</arg>
<doc>Types the given ``text`` into the text field identified by ``locator``.</doc>
<status status="PASS" start="2025-02-04T18:30:47.034144" elapsed="0.099751"/>
</kw>
<kw name="Click Button" owner="SeleniumLibrary">
<msg time="2025-02-04T18:30:47.134421" level="INFO">Clicking button 'xpath://button[text()=" Login "]'.</msg>
<arg>xpath://button[text()=" Login "]</arg>
<doc>Clicks the button identified by ``locator``.</doc>
<status status="PASS" start="2025-02-04T18:30:47.134260" elapsed="1.040818"/>
</kw>
<kw name="Sleep" owner="BuiltIn">
<msg time="2025-02-04T18:30:53.175818" level="INFO">Slept 5 seconds.</msg>
<arg>5</arg>
<doc>Pauses the test executed for the given time.</doc>
<status status="PASS" start="2025-02-04T18:30:48.175535" elapsed="5.000378"/>
</kw>
<kw name="Page Should Contain Image" owner="SeleniumLibrary">
<msg time="2025-02-04T18:30:53.193037" level="INFO">Current page contains image '//img[@src="/web/images/orange.png?v=1721393199309"]'.</msg>
<arg>//img[@src="/web/images/orange.png?v=1721393199309"]</arg>
<doc>Verifies image identified by ``locator`` is found from current page.</doc>
<status status="PASS" start="2025-02-04T18:30:53.176477" elapsed="0.016657"/>
</kw>
<kw name="Capture Page Screenshot" owner="SeleniumLibrary">
<msg time="2025-02-04T18:30:53.313322" level="INFO" html="true">&lt;/td&gt;&lt;/tr&gt;&lt;tr&gt;&lt;td colspan="3"&gt;&lt;a href="selenium-screenshot-5.png"&gt;&lt;img src="selenium-screenshot-5.png" width="800px"&gt;&lt;/a&gt;</msg>
<doc>Takes a screenshot of the current page and embeds it into a log file.</doc>
<status status="PASS" start="2025-02-04T18:30:53.193411" elapsed="0.120058"/>
</kw>
<kw name="Click Link" owner="SeleniumLibrary">
<msg time="2025-02-04T18:30:53.314180" level="INFO">Clicking link '//a[@href="/web/index.php/admin/viewAdminModule"]'.</msg>
<arg>//a[@href="/web/index.php/admin/viewAdminModule"]</arg>
<doc>Clicks a link identified by ``locator``.</doc>
<status status="PASS" start="2025-02-04T18:30:53.314027" elapsed="0.699789"/>
</kw>
<kw name="Sleep" owner="BuiltIn">
<msg time="2025-02-04T18:30:57.015921" level="INFO">Slept 3 seconds.</msg>
<arg>3</arg>
<doc>Pauses the test executed for the given time.</doc>
<status status="PASS" start="2025-02-04T18:30:54.014902" elapsed="3.001164"/>
</kw>
<kw name="Element Should Be Visible" owner="SeleniumLibrary">
<msg time="2025-02-04T18:30:57.039230" level="INFO">Element '//h6[text()="User Management"]' is displayed.</msg>
<arg>//h6[text()="User Management"]</arg>
<doc>Verifies that the element identified by ``locator`` is visible.</doc>
<status status="PASS" start="2025-02-04T18:30:57.016560" elapsed="0.022751"/>
</kw>
<tag>logar</tag>
<status status="PASS" start="2025-02-04T18:30:37.161303" elapsed="19.878371"/>
</test>
<status status="PASS" start="2025-02-04T18:30:36.129936" elapsed="20.910645"/>
</suite>
<statistics>
<total>
<stat pass="1" fail="0" skip="0">All Tests</stat>
</total>
<tag>
<stat pass="1" fail="0" skip="0">logar</stat>
</tag>
<suite>
<stat name="Start" id="s1" pass="1" fail="0" skip="0">Start</stat>
</suite>
</statistics>
<errors>
</errors>
</robot>
