<?xml version="1.0" encoding="UTF-8"?>
<robot generator="Robot 7.2 (Python 3.13.1 on win32)" generated="2025-02-04T17:48:26.375458" rpa="false" schemaversion="5">
<suite id="s1" name="Start" source="C:\NoesisRF\NoesisRF\start.robot">
<test id="s1-t1" name="Aceder a um site" line="16">
<kw name="Open Browser" owner="SeleniumLibrary">
<msg time="2025-02-04T17:48:26.974834" level="INFO">Opening browser 'chrome' to base url 'https://opensource-demo.orangehrmlive.com/web/index.php/auth/login'.</msg>
<arg>https://opensource-demo.orangehrmlive.com/web/index.php/auth/login</arg>
<arg>chrome</arg>
<arg>options=add_argument("--start-maximized")</arg>
<doc>Opens a new browser instance to the optional ``url``.</doc>
<status status="PASS" start="2025-02-04T17:48:26.974637" elapsed="8.573028"/>
</kw>
<kw name="Wait Until Element Is Enabled" owner="SeleniumLibrary">
<arg>xpath://input[@name="username"]</arg>
<arg>20</arg>
<doc>Waits until the element ``locator`` is enabled.</doc>
<status status="PASS" start="2025-02-04T17:48:35.548056" elapsed="0.689599"/>
</kw>
<kw name="Input Text" owner="SeleniumLibrary">
<msg time="2025-02-04T17:48:36.238265" level="INFO">Typing text 'Admin' into text field 'xpath://input[@name="username"]'.</msg>
<arg>xpath://input[@name="username"]</arg>
<arg>Admin</arg>
<doc>Types the given ``text`` into the text field identified by ``locator``.</doc>
<status status="PASS" start="2025-02-04T17:48:36.238047" elapsed="0.097914"/>
</kw>
<kw name="Input Text" owner="SeleniumLibrary">
<msg time="2025-02-04T17:48:36.336666" level="INFO">Typing text 'admin123' into text field 'xpath://input[@placeholder="Password"]'.</msg>
<arg>xpath://input[@placeholder="Password"]</arg>
<arg>admin123</arg>
<doc>Types the given ``text`` into the text field identified by ``locator``.</doc>
<status status="PASS" start="2025-02-04T17:48:36.336421" elapsed="0.101324"/>
</kw>
<kw name="Click Button" owner="SeleniumLibrary">
<msg time="2025-02-04T17:48:36.438353" level="INFO">Clicking button 'xpath://button[text()=" Login "]'.</msg>
<arg>xpath://button[text()=" Login "]</arg>
<doc>Clicks the button identified by ``locator``.</doc>
<status status="PASS" start="2025-02-04T17:48:36.438117" elapsed="0.067155"/>
</kw>
<kw name="Sleep" owner="BuiltIn">
<msg time="2025-02-04T17:48:41.506512" level="INFO">Slept 5 seconds.</msg>
<arg>5</arg>
<doc>Pauses the test executed for the given time.</doc>
<status status="PASS" start="2025-02-04T17:48:36.505638" elapsed="5.001033"/>
</kw>
<kw name="Page Should Contain Image" owner="SeleniumLibrary">
<msg time="2025-02-04T17:48:41.522733" level="INFO">Current page contains image '//img[@src="/web/images/orange.png?v=1721393199309"]'.</msg>
<arg>//img[@src="/web/images/orange.png?v=1721393199309"]</arg>
<doc>Verifies image identified by ``locator`` is found from current page.</doc>
<status status="PASS" start="2025-02-04T17:48:41.506928" elapsed="0.015888"/>
</kw>
<kw name="Capture Page Screenshot" owner="SeleniumLibrary">
<msg time="2025-02-04T17:48:41.657655" level="INFO" html="true">&lt;/td&gt;&lt;/tr&gt;&lt;tr&gt;&lt;td colspan="3"&gt;&lt;a href="selenium-screenshot-5.png"&gt;&lt;img src="selenium-screenshot-5.png" width="800px"&gt;&lt;/a&gt;</msg>
<doc>Takes a screenshot of the current page and embeds it into a log file.</doc>
<status status="PASS" start="2025-02-04T17:48:41.523104" elapsed="0.134652"/>
</kw>
<status status="PASS" start="2025-02-04T17:48:26.973880" elapsed="14.684318"/>
</test>
<status status="PASS" start="2025-02-04T17:48:26.397786" elapsed="15.262464"/>
</suite>
<statistics>
<total>
<stat pass="1" fail="0" skip="0">All Tests</stat>
</total>
<tag>
</tag>
<suite>
<stat name="Start" id="s1" pass="1" fail="0" skip="0">Start</stat>
</suite>
</statistics>
<errors>
</errors>
</robot>
